marius@HP:~/APPS/CPP/bunget/src/bin/Debug$ sudo ./bunget 1
sh: line 0: echo: write error: Invalid argument
chmod: cannot access '/sys/class/gpio/gpio17/*': No such file or directory
Failed to stop bluetoothd.service: Unit bluetoothd.service not loaded.
done dirty work
<--[12]01010C08FFFFFBFF07F8BF3D 
<--[12]010120081F00000000000000 
<--[4]01011000 
<--[6]016D0C020100 
<--[4]016C0C00 
<--[4]01091000 
-->[7]040E0401010C00 
default 
UNK command: OCF=1, OGF=3 
HCI: EVT_CMD_COMPLETE 
-->[7]040E0401012000 
default 
UNK command: OCF=1, OGF=8 
HCI: EVT_CMD_COMPLETE 
-->[15]040E0C01011000060010060F000E22 
READ_LOCAL_VERSION_CMD 
<--[5]010A200100 
my_proc event:  onAdvertized:0 
<--[19]0106200F0100040009090A0000000000001112 
HCI: EVT_CMD_COMPLETE 
-->[7]040E04016D0C00 
default 
UNK command: OCF=6d, OGF=3 
HCI: EVT_CMD_COMPLETE 
-->[9]040E06016C0C000100 
READ_LE_HOST_SUPPORTED_CMD 
HCI: EVT_CMD_COMPLETE 
-->[13]040E0A01091000D6726B70F35C 
READ_BD_ADDR_CMD 
HCI: EVT_CMD_COMPLETE 
-->[7]040E04010A2000 
LE_SET_ADVERTISE_ENABLE_CMD 
on_adv_enable = 0 
HCI: EVT_CMD_COMPLETE 
-->[7]040E0401062012 
LE_SET_ADVERTISING_PARAMETERS_CMD 
on_adv_status = 4 
HCI: EVT_CMD_COMPLETE 
my_proc event:  onDeviceStatus:1 
<--[36]010920200908086C696E7578687000000000000000000000000000000000000000000000 
<--[36]010820200B0201060703001801183F120000000000000000000000000000000000000000 
<--[5]010A200101 
my_proc event:  onAdvertized:1 
<--[36]010920200908086C696E7578687000000000000000000000000000000000000000000000 
<--[36]010820200B0201060703001801183F120000000000000000000000000000000000000000 
-->[7]040E0401092000 
LE_SET_SCAN_RESPONSE_DATA_CMD 
on_scan_resp_datat_status = 0 
HCI: EVT_CMD_COMPLETE 
-->[7]040E0401082000 
LE_SET_ADVERTISING_DATA_CMD 
on_adv_data_status = 0 
HCI: EVT_CMD_COMPLETE 
-->[7]040E04010A2000 
LE_SET_ADVERTISE_ENABLE_CMD 
on_adv_enable = 0 
HCI: EVT_CMD_COMPLETE 
-->[7]040E0401092000 
LE_SET_SCAN_RESPONSE_DATA_CMD 
on_scan_resp_datat_status = 0 
HCI: EVT_CMD_COMPLETE 
-->[7]040E0401082000 
LE_SET_ADVERTISING_DATA_CMD 
on_adv_data_status = 0 
HCI: EVT_CMD_COMPLETE 
-->[22]043E130100400001010A12ACA0EC7028000000D00701 
EVT_LE_CONN_COMPLETE 
HANDLE = 64 
role = 1 
address type = 0 
address = 70:EC:A0:AC:12:0A 
interval = 50 
latency = 0 
supervision timeout = 2080 
master clock accuracy = 1 
accepted: 70:EC:A0:AC:12:0A,* 
HCI: EVT_LE_META_EVENT 
-->[16]0240200B0007000400100100FFFF0028 
REQ:  ----------> ATT_OP_READ_BY_GROUP_REQ 
adding service: 1 
adding service: 6 
adding service: 10 
my_proc event: onServicesDiscovered 
<--[29]02400018001400040011060100050000180600090001180A0013003F12 
HCI: ACL_START 
-->[16]0240200B0007000400101400FFFF0028 
REQ:  ----------> ATT_OP_READ_BY_GROUP_REQ 
<--[14]024000090005000400011014000A 
HCI: ACL_START 
-->[16]0240200B000700040008010005000228 
REQ:  ----------> ATT_OP_READ_BY_TYPE_REQ
<--[14]024000090005000400010801000A 
HCI: ACL_START 
-->[13]043E0A0300400006000000D007 
EVT_LE_CONN_UPDATE_COMPLETE 
handle = 64 
interval = 7 
latency = 0 
supervision timeout = 2080 
HCI: EVT_LE_META_EVENT 
-->[16]0240200B000700040008010005000328 
REQ:  ----------> ATT_OP_READ_BY_TYPE_REQ
adding characteristics: 2 
adding characteristics: 4 
<--[25]02400014001000040009070200020300002A0400020500012A 
HCI: ACL_START 
-->[16]0240200B000700040008050005000328 
REQ:  ----------> ATT_OP_READ_BY_TYPE_REQ
<--[14]024000090005000400010805000A 
HCI: ACL_START 
-->[16]0240200B000700040008060009000228 
REQ:  ----------> ATT_OP_READ_BY_TYPE_REQ
<--[14]024000090005000400010806000A 
HCI: ACL_START 
-->[16]0240200B000700040008060009000328 
REQ:  ----------> ATT_OP_READ_BY_TYPE_REQ
adding characteristics: 7 
<--[18]0240000D000900040009070700200800052A 
HCI: ACL_START 
-->[16]0240200B000700040008080009000328 
REQ:  ----------> ATT_OP_READ_BY_TYPE_REQ
<--[14]024000090005000400010808000A 
HCI: ACL_START 
-->[14]0240200900050004000409000900 
REQ:  ----------> ATT_OP_FIND_INFO_REQ
<--[15]0240000A0006000400050109000229 
HCI: ACL_START 
-->[16]0240200B0007000400080A0013000228 
REQ:  ----------> ATT_OP_READ_BY_TYPE_REQ
<--[14]02400009000500040001080A000A 
HCI: ACL_START 
-->[16]0240200B0007000400080A0013000328 
REQ:  ----------> ATT_OP_READ_BY_TYPE_REQ
adding characteristics: 11 
adding characteristics: 14 
adding characteristics: 17 
<--[32]0240001B001700040009070B00380C0000340E00120F00013411003012000334 
HCI: ACL_START 
-->[16]0240200B000700040008120013000328 
REQ:  ----------> ATT_OP_READ_BY_TYPE_REQ
<--[14]024000090005000400010812000A 
HCI: ACL_START 
-->[14]024020090005000400040D000D00 
REQ:  ----------> ATT_OP_FIND_INFO_REQ
<--[15]0240000A000600040005010D000229 
HCI: ACL_START 
-->[14]0240200900050004000410001000 
REQ:  ----------> ATT_OP_FIND_INFO_REQ
<--[15]0240000A0006000400050110000229 
HCI: ACL_START 
-->[14]0240200900050004000413001300 
REQ:  ----------> ATT_OP_FIND_INFO_REQ
<--[15]0240000A0006000400050113000229 
HCI: ACL_START 
-->[14]024020090005000400120D000100 
REQ:  ----------> ATT_OP_WRITE_REQ
my_proc event:  onWriteDescriptor:1 
my_proc event: onSubscribesNotify:3400=1 
<--[10]02400005000100040013 
HCI: ACL_START 
-->[14]0240200900050004001210000100 
REQ:  ----------> ATT_OP_WRITE_REQ
my_proc event:  onWriteDescriptor:22609921 
my_proc event: onSubscribesNotify:3401=1 
<--[10]02400005000100040013 
HCI: ACL_START 
-->[13]043E0A0300400028000000D007 
EVT_LE_CONN_UPDATE_COMPLETE 
handle = 64 
interval = 50 
latency = 0 
supervision timeout = 2080 
HCI: EVT_LE_META_EVENT 
-->[14]0240200900050004001213000100 
REQ:  ----------> ATT_OP_WRITE_REQ
my_proc event:  onWriteDescriptor:22609921 
my_proc event: onSubscribesNotify:3403=1 
<--[10]02400005000100040013 
HCI: ACL_START 
<--[20]0240000F000B0004001B0F0032313A31353A3430 
<--[16]0240000B00070004001B120000000A42 
<--[20]0240000F000B0004001B0F0032313A31353A3432 
<--[16]0240000B00070004001B120000000E42 
<--[20]0240000F000B0004001B0F0032313A31353A3435 
<--[16]0240000B00070004001B120000000642 
<--[20]0240000F000B0004001B0F0032313A31353A3438 
<--[16]0240000B00070004001B120000001E42 
^C
marius@HP:~/APPS/CPP/bunget/src/bin/Debug$ clear
[3;J
marius@HP:~/APPS/CPP/bunget/src/bin/Debug$ 
marius@HP:~/APPS/CPP/bunget/src/bin/Debug$ 
marius@HP:~/APPS/CPP/bunget/src/bin/Debug$ 
marius@HP:~/APPS/CPP/bunget/src/bin/Debug$ 
marius@HP:~/APPS/CPP/bunget/src/bin/Debug$ 
marius@HP:~/APPS/CPP/bunget/src/bin/Debug$ 
marius@HP:~/APPS/CPP/bunget/src/bin/Debug$ sudo ./bunget 1
sh: line 0: echo: write error: Invalid argument
chmod: cannot access '/sys/class/gpio/gpio17/*': No such file or directory
Failed to stop bluetoothd.service: Unit bluetoothd.service not loaded.
done dirty work
<--[12]01010C08FFFFFBFF07F8BF3D 
<--[12]010120081F00000000000000 
<--[4]01011000 
<--[6]016D0C020100 
<--[4]016C0C00 
<--[4]01091000 
-->[7]040E0401010C00 
default 
UNK command: OCF=1, OGF=3 
HCI: EVT_CMD_COMPLETE 
-->[7]040E0401012000 
default 
UNK command: OCF=1, OGF=8 
HCI: EVT_CMD_COMPLETE 
-->[15]040E0C01011000060010060F000E22 
READ_LOCAL_VERSION_CMD 
<--[5]010A200100 
my_proc event:  onAdvertized:0 
<--[19]0106200F0100040009090A0000000000001112 
HCI: EVT_CMD_COMPLETE 
-->[7]040E04016D0C00 
default 
UNK command: OCF=6d, OGF=3 
HCI: EVT_CMD_COMPLETE 
-->[9]040E06016C0C000100 
READ_LE_HOST_SUPPORTED_CMD 
HCI: EVT_CMD_COMPLETE 
-->[13]040E0A01091000D6726B70F35C 
READ_BD_ADDR_CMD 
HCI: EVT_CMD_COMPLETE 
-->[7]040E04010A2000 
LE_SET_ADVERTISE_ENABLE_CMD 
on_adv_enable = 0 
HCI: EVT_CMD_COMPLETE 
-->[7]040E0401062012 
LE_SET_ADVERTISING_PARAMETERS_CMD 
on_adv_status = 4 
HCI: EVT_CMD_COMPLETE 
my_proc event:  onDeviceStatus:1 
<--[36]010920200908086C696E7578687000000000000000000000000000000000000000000000 
<--[36]010820200B0201060703001801183F120000000000000000000000000000000000000000 
<--[5]010A200101 
my_proc event:  onAdvertized:1 
<--[36]010920200908086C696E7578687000000000000000000000000000000000000000000000 
<--[36]010820200B0201060703001801183F120000000000000000000000000000000000000000 
-->[7]040E0401092000 
LE_SET_SCAN_RESPONSE_DATA_CMD 
on_scan_resp_datat_status = 0 
HCI: EVT_CMD_COMPLETE 
-->[7]040E0401082000 
LE_SET_ADVERTISING_DATA_CMD 
on_adv_data_status = 0 
HCI: EVT_CMD_COMPLETE 
-->[7]040E04010A2000 
LE_SET_ADVERTISE_ENABLE_CMD 
on_adv_enable = 0 
HCI: EVT_CMD_COMPLETE 
-->[7]040E0401092000 
LE_SET_SCAN_RESPONSE_DATA_CMD 
on_scan_resp_datat_status = 0 
HCI: EVT_CMD_COMPLETE 
-->[7]040E0401082000 
LE_SET_ADVERTISING_DATA_CMD 
on_adv_data_status = 0 
HCI: EVT_CMD_COMPLETE 
-->[22]043E130100400001010A12ACA0EC7028000000D00701 
EVT_LE_CONN_COMPLETE 
HANDLE = 64 
role = 1 
address type = 0 
address = 70:EC:A0:AC:12:0A 
interval = 50 
latency = 0 
supervision timeout = 2080 
master clock accuracy = 1 
accepted: 70:EC:A0:AC:12:0A,* 
HCI: EVT_LE_META_EVENT 
-->[14]024020090005000400120D000100 
REQ:  ----------> ATT_OP_WRITE_REQ
my_proc event:  onWriteDescriptor:1 
my_proc event: onSubscribesNotify:3400=1 
<--[10]02400005000100040013 
HCI: ACL_START 
-->[14]0240200900050004001210000100 
REQ:  ----------> ATT_OP_WRITE_REQ
my_proc event:  onWriteDescriptor:11599873 
my_proc event: onSubscribesNotify:3401=1 
<--[10]02400005000100040013 
HCI: ACL_START 
-->[14]0240200900050004001213000100 
REQ:  ----------> ATT_OP_WRITE_REQ
my_proc event:  onWriteDescriptor:11599873 
my_proc event: onSubscribesNotify:3403=1 
<--[10]02400005000100040013 
HCI: ACL_START 
<--[20]0240000F000B0004001B0F0032313A31363A3135 
<--[16]0240000B00070004001B120000002642 
<--[20]0240000F000B0004001B0F0032313A31363A3138 
<--[16]0240000B00070004001B120000003642 
<--[20]0240000F000B0004001B0F0032313A31363A3231 
<--[16]0240000B00070004001B120000001242 
<--[20]0240000F000B0004001B0F0032313A31363A3234 
<--[16]0240000B00070004001B120000001642 
<--[20]0240000F000B0004001B0F0032313A31363A3237 
<--[16]0240000B00070004001B120000002A42 
<--[20]0240000F000B0004001B0F0032313A31363A3239 
<--[16]0240000B00070004001B120000003242 
<--[20]0240000F000B0004001B0F0032313A31363A3332 
<--[16]0240000B00070004001B120000000A42 
-->[7]04050400400013 
my_proc event: onSubscribesNotify:3400=0 
my_proc event: onSubscribesNotify:3401=0 
my_proc event: onSubscribesNotify:3403=0 
<--[5]010A200101 
my_proc event:  onAdvertized:1 
my_proc event: onConnect: disconnected 
HCI: EVT_DISCONN_COMPLETE 
-->[7]040E04010A2000 
LE_SET_ADVERTISE_ENABLE_CMD 
on_adv_enable = 0 
HCI: EVT_CMD_COMPLETE 
^C
marius@HP:~/APPS/CPP/bunget/src/bin/Debug$ 



